#
# An unexpected error has occurred (11)
#
Stack:
/home/ecestudent/tools/Xilinx/Vivado/2019.1/tps/lnx64/jre9.0.4/lib//server/libjvm.so(+0xb6aadb) [0x7f278c298adb]
/home/ecestudent/tools/Xilinx/Vivado/2019.1/tps/lnx64/jre9.0.4/lib//server/libjvm.so(JVM_handle_linux_signal+0xbb) [0x7f278c29de1b]
/home/ecestudent/tools/Xilinx/Vivado/2019.1/tps/lnx64/jre9.0.4/lib//server/libjvm.so(+0xb647b8) [0x7f278c2927b8]
/lib64/libc.so.6(+0x37880) [0x7f27e1ba4880]
/home/ecestudent/tools/Xilinx/Vivado/2019.1/lib/lnx64.o/librdi_wavedata.so(WVDAppInterface::WVDWindowManager::createWcfg(std::__cxx11::basic_string<char, std::char_traits<char>, std::allocator<char> > const&)+0x545) [0x7f279b8dd7d5]
/home/ecestudent/tools/Xilinx/Vivado/2019.1/lib/lnx64.o/librdi_wavedatatasks.so(WVWaveObjectOptionsImp::parseOptions()+0x241) [0x7f275321f001]
/home/ecestudent/tools/Xilinx/Vivado/2019.1/lib/lnx64.o/librdi_wavedatatasks.so(+0xdfa03) [0x7f27531e8a03]
/home/ecestudent/tools/Xilinx/Vivado/2019.1/lib/lnx64.o/librdi_common.so(+0x8068e2) [0x7f27e2ed78e2]
/home/ecestudent/tools/Xilinx/Vivado/2019.1/lib/lnx64.o/libtcl8.5.so(+0x334af) [0x7f27dd21e4af]
/home/ecestudent/tools/Xilinx/Vivado/2019.1/lib/lnx64.o/libtcl8.5.so(+0x76875) [0x7f27dd261875]
/home/ecestudent/tools/Xilinx/Vivado/2019.1/lib/lnx64.o/libtcl8.5.so(+0x7e029) [0x7f27dd269029]
/home/ecestudent/tools/Xilinx/Vivado/2019.1/lib/lnx64.o/libtcl8.5.so(TclEvalObjEx+0x76) [0x7f27dd220156]
/home/ecestudent/tools/Xilinx/Vivado/2019.1/lib/lnx64.o/libtcl8.5.so(+0x3e754) [0x7f27dd229754]
/home/ecestudent/tools/Xilinx/Vivado/2019.1/lib/lnx64.o/libtcl8.5.so(+0x334af) [0x7f27dd21e4af]
/home/ecestudent/tools/Xilinx/Vivado/2019.1/lib/lnx64.o/libtcl8.5.so(+0x76875) [0x7f27dd261875]
/home/ecestudent/tools/Xilinx/Vivado/2019.1/lib/lnx64.o/libtcl8.5.so(+0x7e029) [0x7f27dd269029]
/home/ecestudent/tools/Xilinx/Vivado/2019.1/lib/lnx64.o/libtcl8.5.so(TclEvalObjEx+0x76) [0x7f27dd220156]
/home/ecestudent/tools/Xilinx/Vivado/2019.1/lib/lnx64.o/libtcl8.5.so(+0x3e754) [0x7f27dd229754]
/home/ecestudent/tools/Xilinx/Vivado/2019.1/lib/lnx64.o/libtcl8.5.so(+0x334af) [0x7f27dd21e4af]
/home/ecestudent/tools/Xilinx/Vivado/2019.1/lib/lnx64.o/libtcl8.5.so(+0x34b38) [0x7f27dd21fb38]
/home/ecestudent/tools/Xilinx/Vivado/2019.1/lib/lnx64.o/libtcl8.5.so(Tcl_EvalEx+0x13) [0x7f27dd2200a3]
/home/ecestudent/tools/Xilinx/Vivado/2019.1/lib/lnx64.o/libtcl8.5.so(Tcl_FSEvalFileEx+0x1da) [0x7f27dd284c5a]
/home/ecestudent/tools/Xilinx/Vivado/2019.1/lib/lnx64.o/librdi_commontasks.so(+0x208e5d) [0x7f27ca530e5d]
/home/ecestudent/tools/Xilinx/Vivado/2019.1/lib/lnx64.o/librdi_common.so(+0x8068e2) [0x7f27e2ed78e2]
/home/ecestudent/tools/Xilinx/Vivado/2019.1/lib/lnx64.o/libtcl8.5.so(+0x334af) [0x7f27dd21e4af]
/home/ecestudent/tools/Xilinx/Vivado/2019.1/lib/lnx64.o/libtcl8.5.so(Tcl_EvalObjv+0x32) [0x7f27dd21e5e2]
/home/ecestudent/tools/Xilinx/Vivado/2019.1/lib/lnx64.o/libtcl8.5.so(TclEvalObjEx+0x322) [0x7f27dd220402]
/home/ecestudent/tools/Xilinx/Vivado/2019.1/lib/lnx64.o/librdi_common.so(hdi::tcltasks::task_manager::eval_in_tcl(Tcl_Interp*, Tcl_Obj*, char const*, bool)+0xab9) [0x7f27e2ed9719]
/home/ecestudent/tools/Xilinx/Vivado/2019.1/lib/lnx64.o/librdi_simtcltasks.so(RSTTclHelper::processTclbatchOption(hdi::tcltasks::task_options_base&, Tcl_Interp*)+0x114) [0x7f2753591b44]
/home/ecestudent/tools/Xilinx/Vivado/2019.1/lib/lnx64.o/librdi_simtcltasks.so(+0x1ec01c) [0x7f27536bc01c]
/home/ecestudent/tools/Xilinx/Vivado/2019.1/lib/lnx64.o/librdi_common.so(+0x8068e2) [0x7f27e2ed78e2]
/home/ecestudent/tools/Xilinx/Vivado/2019.1/lib/lnx64.o/libtcl8.5.so(+0x334af) [0x7f27dd21e4af]
/home/ecestudent/tools/Xilinx/Vivado/2019.1/lib/lnx64.o/libtcl8.5.so(+0x76875) [0x7f27dd261875]
/home/ecestudent/tools/Xilinx/Vivado/2019.1/lib/lnx64.o/libtcl8.5.so(+0x7e029) [0x7f27dd269029]
/home/ecestudent/tools/Xilinx/Vivado/2019.1/lib/lnx64.o/libtcl8.5.so(TclEvalObjEx+0x76) [0x7f27dd220156]
/home/ecestudent/tools/Xilinx/Vivado/2019.1/lib/lnx64.o/librdi_common.so(hdi::tcltasks::task_manager::eval_in_tcl(Tcl_Interp*, Tcl_Obj*, char const*, bool)+0xab9) [0x7f27e2ed9719]
/home/ecestudent/tools/Xilinx/Vivado/2019.1/lib/lnx64.o/librdi_common.so(hdi::tcltasks::task_manager::eval_in_tcl(Tcl_Interp*, char const*, char const*, bool)+0x12a) [0x7f27e2eda11a]
/home/ecestudent/tools/Xilinx/Vivado/2019.1/lib/lnx64.o/librdi_common.so(hdi::tcltasks::task_manager::eval_in_tcl_throw(Tcl_Interp*, char const*, char const*, bool)+0x10) [0x7f27e2eda240]
/home/ecestudent/tools/Xilinx/Vivado/2019.1/lib/lnx64.o/librdi_simtcltasks.so(+0x1e7999) [0x7f27536b7999]
/home/ecestudent/tools/Xilinx/Vivado/2019.1/lib/lnx64.o/librdi_common.so(+0x8068e2) [0x7f27e2ed78e2]
/home/ecestudent/tools/Xilinx/Vivado/2019.1/lib/lnx64.o/libtcl8.5.so(+0x334af) [0x7f27dd21e4af]
/home/ecestudent/tools/Xilinx/Vivado/2019.1/lib/lnx64.o/libtcl8.5.so(+0x76875) [0x7f27dd261875]
/home/ecestudent/tools/Xilinx/Vivado/2019.1/lib/lnx64.o/libtcl8.5.so(+0x7e029) [0x7f27dd269029]
/home/ecestudent/tools/Xilinx/Vivado/2019.1/lib/lnx64.o/libtcl8.5.so(TclEvalObjEx+0x76) [0x7f27dd220156]
/home/ecestudent/tools/Xilinx/Vivado/2019.1/lib/lnx64.o/librdi_common.so(+0x804df1) [0x7f27e2ed5df1]
/home/ecestudent/tools/Xilinx/Vivado/2019.1/lib/lnx64.o/libtcl8.5.so(Tcl_ServiceEvent+0x7f) [0x7f27dd292b0f]
/home/ecestudent/tools/Xilinx/Vivado/2019.1/lib/lnx64.o/libtcl8.5.so(Tcl_DoOneEvent+0x154) [0x7f27dd292e44]
/home/ecestudent/tools/Xilinx/Vivado/2019.1/lib/lnx64.o/librdi_commontasks.so(+0x231625) [0x7f27ca559625]
/home/ecestudent/tools/Xilinx/Vivado/2019.1/lib/lnx64.o/librdi_commontasks.so(+0x23b163) [0x7f27ca563163]
/home/ecestudent/tools/Xilinx/Vivado/2019.1/lib/lnx64.o/librdi_commontasks.so(+0x23c1fe) [0x7f27ca5641fe]
/home/ecestudent/tools/Xilinx/Vivado/2019.1/lib/lnx64.o/librdi_common.so(+0x8068e2) [0x7f27e2ed78e2]
/home/ecestudent/tools/Xilinx/Vivado/2019.1/lib/lnx64.o/libtcl8.5.so(+0x334af) [0x7f27dd21e4af]
/home/ecestudent/tools/Xilinx/Vivado/2019.1/lib/lnx64.o/libtcl8.5.so(+0x76875) [0x7f27dd261875]
/home/ecestudent/tools/Xilinx/Vivado/2019.1/lib/lnx64.o/libtcl8.5.so(+0x7e029) [0x7f27dd269029]
/home/ecestudent/tools/Xilinx/Vivado/2019.1/lib/lnx64.o/libtcl8.5.so(TclEvalObjEx+0x76) [0x7f27dd220156]
/home/ecestudent/tools/Xilinx/Vivado/2019.1/lib/lnx64.o/librdi_commonmain.so(+0x7424) [0x7f27e24cd424]
/home/ecestudent/tools/Xilinx/Vivado/2019.1/lib/lnx64.o/libtcl8.5.so(Tcl_Main+0x1d0) [0x7f27dd28b210]
/home/ecestudent/tools/Xilinx/Vivado/2019.1/lib/lnx64.o/librdi_common.so(+0x84ac9b) [0x7f27e2f1bc9b]
/lib64/libpthread.so.0(+0x814a) [0x7f27e195514a]
/lib64/libc.so.6(clone+0x43) [0x7f27e1c69f23]
