Copyright 1986-2019 Xilinx, Inc. All Rights Reserved.
--------------------------------------------------------------------------------------------------------------------------------------------------
| Tool Version : Vivado v.2019.1 (lin64) Build 2552052 Fri May 24 14:47:09 MDT 2019
| Date         : Thu Mar 25 02:51:01 2021
| Host         : a02321679-4.bluezone.usu.edu running 64-bit unknown
| Command      : report_methodology -file JKFF_methodology_drc_routed.rpt -pb JKFF_methodology_drc_routed.pb -rpx JKFF_methodology_drc_routed.rpx
| Design       : JKFF
| Device       : xc7a35tcpg236-1
| Speed File   : -1
| Design State : Fully Routed
--------------------------------------------------------------------------------------------------------------------------------------------------

Report Methodology

Table of Contents
-----------------
1. REPORT SUMMARY
2. REPORT DETAILS

1. REPORT SUMMARY
-----------------
            Netlist: netlist
          Floorplan: design_1
      Design limits: <entire design considered>
             Max violations: <unlimited>
             Violations found: 2
+-----------+----------+-------------------+------------+
| Rule      | Severity | Description       | Violations |
+-----------+----------+-------------------+------------+
| TIMING-20 | Warning  | Non-clocked latch | 2          |
+-----------+----------+-------------------+------------+

2. REPORT DETAILS
-----------------
TIMING-20#1 Warning
Non-clocked latch  
The latch jk1/d1/q_reg cannot be properly analyzed as its control pin jk1/d1/q_reg/G is not reached by a timing clock
Related violations: <none>

TIMING-20#2 Warning
Non-clocked latch  
The latch jk1/d2/q_reg cannot be properly analyzed as its control pin jk1/d2/q_reg/G is not reached by a timing clock
Related violations: <none>


